<?xml version="1.0" encoding="UTF-8"?>
<!-- Generated by org.testng.reporters.JUnitXMLReporter -->
<testsuite hostname="DESKTOP-LTL258K" ignored="0" name="Test" tests="4" failures="0" timestamp="10 Aug 2019 12:49:02 GMT" time="119.241" errors="0">
  <testcase name="VerifyZohoDeskPageTC" time="0.136" classname="com.zohocrm.testcases.VerifyZohoDeskPageTC"/>
  <testcase name="CreateAccountTestCase" time="63.159" classname="com.zohocrm.testcases.CreateAccountTC"/>
  <testcase name="CreateAccountTestCase" time="53.557" classname="com.zohocrm.testcases.CreateAccountEmptyFieldsErrorsMessagesTC"/>
  <testcase name="ZohoCRMLoginWithValidCredentials" time="0.004" classname="com.zohocrm.testcases.ZohoCrmLoginTC"/>
</testsuite> <!-- Test -->
