<?xml version="1.0" encoding="UTF-8"?>
<testng-results skipped="0" failed="0" ignored="0" total="4" passed="4">
  <reporter-output>
  </reporter-output>
  <suite name="Suite" duration-ms="119241" started-at="2019-08-10T12:47:03Z" finished-at="2019-08-10T12:49:02Z">
    <groups>
    </groups>
    <test name="Test" duration-ms="119241" started-at="2019-08-10T12:47:03Z" finished-at="2019-08-10T12:49:02Z">
      <class name="com.zohocrm.testcases.CreateAccountEmptyFieldsErrorsMessagesTC">
        <test-method status="PASS" signature="CreateAccountTestCase()[pri:0, instance:com.zohocrm.testcases.CreateAccountEmptyFieldsErrorsMessagesTC@2ff4f00f]" name="CreateAccountTestCase" duration-ms="53557" started-at="2019-08-10T18:18:07Z" finished-at="2019-08-10T18:19:01Z">
          <reporter-output>
          </reporter-output>
        </test-method> <!-- CreateAccountTestCase -->
        <test-method status="PASS" signature="tearDown()[pri:0, instance:com.zohocrm.testcases.CreateAccountEmptyFieldsErrorsMessagesTC@2ff4f00f]" name="tearDown" is-config="true" duration-ms="1026" started-at="2019-08-10T18:19:01Z" finished-at="2019-08-10T18:19:02Z">
          <reporter-output>
          </reporter-output>
        </test-method> <!-- tearDown -->
      </class> <!-- com.zohocrm.testcases.CreateAccountEmptyFieldsErrorsMessagesTC -->
      <class name="com.zohocrm.testcases.VerifyZohoDeskPageTC">
        <test-method status="PASS" signature="VerifyZohoDeskPageTC()[pri:0, instance:com.zohocrm.testcases.VerifyZohoDeskPageTC@6debcae2]" name="VerifyZohoDeskPageTC" duration-ms="136" started-at="2019-08-10T18:17:03Z" finished-at="2019-08-10T18:17:03Z">
          <reporter-output>
          </reporter-output>
        </test-method> <!-- VerifyZohoDeskPageTC -->
        <test-method status="PASS" signature="tearDown()[pri:0, instance:com.zohocrm.testcases.VerifyZohoDeskPageTC@6debcae2]" name="tearDown" is-config="true" duration-ms="239" started-at="2019-08-10T18:17:03Z" finished-at="2019-08-10T18:17:03Z">
          <reporter-output>
          </reporter-output>
        </test-method> <!-- tearDown -->
      </class> <!-- com.zohocrm.testcases.VerifyZohoDeskPageTC -->
      <class name="com.zohocrm.testcases.CreateAccountTC">
        <test-method status="PASS" signature="CreateAccountTestCase()[pri:0, instance:com.zohocrm.testcases.CreateAccountTC@5ba23b66]" name="CreateAccountTestCase" duration-ms="63159" started-at="2019-08-10T18:17:03Z" finished-at="2019-08-10T18:18:06Z">
          <reporter-output>
          </reporter-output>
        </test-method> <!-- CreateAccountTestCase -->
        <test-method status="PASS" signature="tearDown()[pri:0, instance:com.zohocrm.testcases.CreateAccountTC@5ba23b66]" name="tearDown" is-config="true" duration-ms="1044" started-at="2019-08-10T18:18:06Z" finished-at="2019-08-10T18:18:07Z">
          <reporter-output>
          </reporter-output>
        </test-method> <!-- tearDown -->
      </class> <!-- com.zohocrm.testcases.CreateAccountTC -->
      <class name="com.zohocrm.testcases.ZohoCrmLoginTC">
        <test-method status="PASS" signature="ZohoCRMLoginWithValidCredentials()[pri:0, instance:com.zohocrm.testcases.ZohoCrmLoginTC@c818063]" name="ZohoCRMLoginWithValidCredentials" duration-ms="4" started-at="2019-08-10T18:19:02Z" finished-at="2019-08-10T18:19:02Z">
          <reporter-output>
          </reporter-output>
        </test-method> <!-- ZohoCRMLoginWithValidCredentials -->
        <test-method status="PASS" signature="tearDown()[pri:0, instance:com.zohocrm.testcases.ZohoCrmLoginTC@c818063]" name="tearDown" is-config="true" duration-ms="52" started-at="2019-08-10T18:19:02Z" finished-at="2019-08-10T18:19:02Z">
          <reporter-output>
          </reporter-output>
        </test-method> <!-- tearDown -->
      </class> <!-- com.zohocrm.testcases.ZohoCrmLoginTC -->
    </test> <!-- Test -->
  </suite> <!-- Suite -->
</testng-results>
