<?xml version="1.0" encoding="UTF-8"?>
<testng-results skipped="0" failed="0" ignored="0" total="1" passed="1">
  <reporter-output>
  </reporter-output>
  <suite name="Default suite" duration-ms="47695" started-at="2019-08-05T03:02:14Z" finished-at="2019-08-05T03:03:02Z">
    <groups>
    </groups>
    <test name="Default test" duration-ms="47695" started-at="2019-08-05T03:02:14Z" finished-at="2019-08-05T03:03:02Z">
      <class name="com.zohocrm.testcases.CreateAccountTC">
        <test-method status="PASS" signature="CreateAccountTestCase()[pri:0, instance:com.zohocrm.testcases.CreateAccountTC@724af044]" name="CreateAccountTestCase" duration-ms="46732" started-at="2019-08-05T08:32:14Z" finished-at="2019-08-05T08:33:01Z">
          <reporter-output>
          </reporter-output>
        </test-method> <!-- CreateAccountTestCase -->
        <test-method status="PASS" signature="tearDown()[pri:0, instance:com.zohocrm.testcases.CreateAccountTC@724af044]" name="tearDown" is-config="true" duration-ms="939" started-at="2019-08-05T08:33:01Z" finished-at="2019-08-05T08:33:02Z">
          <reporter-output>
          </reporter-output>
        </test-method> <!-- tearDown -->
      </class> <!-- com.zohocrm.testcases.CreateAccountTC -->
    </test> <!-- Default test -->
  </suite> <!-- Default suite -->
</testng-results>
